# Logfile created on Wed Jun 02 16:26:31 +0800 2010 by /
[result true]http://player.56.com/v_46452885.swf
[result true]http://player.56.com/v_49393455.swf
[result true]http://player.56.com/v_49488856.swf
[result true]http://player.56.com/v_49886788.swf
[result true]http://player.56.com/v_49886789.swf
[result true]http://player.56.com/v_49887305.swf
[result true]http://player.56.com/v_NTAyNDIyNzk.swf
[result true]http://player.56.com/v_NTAyNTA0MDg.swf
[result true]http://player.56.com/v_NTAyNTQwOTg.swf
[result true]http://player.56.com/v_NTAyNTU3OTA.swf
[result true]http://www.56.com/cpm_NDg4MzU4Njg.swf
[result true]http://www.56.com/cpm_NTAyNDI1ODc.swf
[result true]http://player.56.com/v_46452885.swf
[result true]http://player.56.com/v_49393455.swf
[result true]http://player.56.com/v_49488856.swf
[result true]http://player.56.com/v_49886788.swf
[result true]http://player.56.com/v_49886789.swf
[result true]http://player.56.com/v_49887305.swf
[result true]http://player.56.com/v_NTAyNDIyNzk.swf
[result true]http://player.56.com/v_NTAyNTA0MDg.swf
[result true]http://player.56.com/v_NTAyNTQwOTg.swf
[result true]http://player.56.com/v_NTAyNTU3OTA.swf
[result true]http://www.56.com/cpm_NDg4MzU4Njg.swf
[result true]http://www.56.com/cpm_NTAyNDI1ODc.swf
[result true]http://www.56.com/cpm_NTAzNzExODA.swf
[result true]http://www.56.com/n_v163_/c38_/2_/19_/yuqing112_/zhajm_121164262420_/1299000_/0_/35649975.swf
[result true]http://www.56.com/n_v163_/c38_/20_/15_/yuqing112_/zhajm_121155102668_/1021000_/0_/35566565.swf
[result true]http://www.56.com/n_v163_/c38_/21_/12_/yuqing112_/zhajm_121163451285_/1155000_/0_/35640802.swf
[result true]http://www.56.com/n_v198_/c39_/7_/18_/yuqing112_/zhajm_121172659058_/1299000_/0_/35729912.swf
[result true]http://www.56.com/n_v198_/c39_/7_/24_/yuqing112_/zhajm_121172728256_/1243000_/0_/35730691.swf
[result true]http://www.56.com/n_v41_/c45_/12_/2_/badkspace1_/sc_mp4_126082465835_/2631200_/0_/48291798.swf
[result true]http://www.56.com/n_v41_/c45_/18_/18_/baixigang_/sc_mp4_126090618367_/2631963_/0_/48310898.swf
[result true]http://www.56.com/n_v41_/c46_/12_/22_/badkspace1_/sc_mp4_126166862272_/2635947_/0_/48495759.swf
[result true]http://www.56.com/n_v41_/c46_/6_/19_/hai123359649_/sc_mp4_126249378669_/2621680_/0_/48720204.swf
[result true]http://www.56.com/n_v41_/c47_/9_/12_/tofindge_/126293882991hd_/2525183_/0_/48824231.swf
[result true]http://www.56.com/n_v41_/c48_/3_/1_/tofindge_/126293865270hd_/2490835_/0_/48824298.swf
[result true]http://www.56.com/n_v42_/c30_/25_/25_/peak-_/zhajm_119329444755_/1302000_/0_/21364696.swf
[result true]http://www.56.com/n_v42_/c30_/26_/16_/peak-_/zhajm_119337470622_/1287000_/0_/21431166.swf
[result true]http://www.56.com/n_v42_/c30_/26_/9_/peak-_/zhajm_119336263290_/1270000_/0_/21419666.swf
[result true]http://www.56.com/n_v42_/c30_/28_/11_/peak-_/zhajm_119339273218_/1292000_/0_/21450737.swf
[result true]http://www.56.com/n_v42_/c30_/29_/11_/peak-_/zhajm_119329203077_/1302000_/0_/21362263.swf
[result true]http://www.56.com/n_v42_/c30_/8_/2_/peak-_/zhajm_119329637445_/1163000_/0_/21366664.swf
[result true]http://www.56.com/n_v42_/c30_/9_/20_/peak-_/zhajm_119340303317_/1334000_/0_/21462798.swf
[result true]http://www.56.com/n_v48_/c35_/8_/27_/helenhe821_/zhajm_120933708376x_/2594000_/0_/33718519.swf
[result true]http://www.56.com/n_v48_/c45_/10_/12_/zcz1972_/sc_mp4_126271558226_/2533882_/0_/48843835.swf
[result true]http://www.56.com/n_v48_/c45_/23_/19_/abac0_/sc_mp4_126206904190_/2529284_/0_/48597838.swf
[result true]http://www.56.com/n_v48_/c45_/25_/8_/lyz05021113_/sc_mp4_126270700288_/2622802_/0_/48778343.swf
[result true]http://www.56.com/n_v48_/c45_/6_/7_/h3507559_/sc_mp4_126115753386_/2535000_/0_/48370429.swf
[result true]http://www.56.com/n_v48_/c50_/13_/10_/wchl333_/zhajm_126443770688hd_/2610160_/0_/49421314.swf
[result true]http://player.56.com/v_MzE5MjMwNTI.swf
[result true]http://player.56.com/v_MzMxNzE3MjE.swf
[result true]http://player.56.com/v_NTA3MjcwMjA.swf
[result true]http://www.56.com/cpm_NTA1MjIzMDI.swf
[result true]http://www.56.com/cpm_NDUxMjU3NjI.swf
[result true]http://www.56.com/cpm_NDUxMjU4Njc.swf
[result true]http://www.56.com/n_v140_/c27_/29_/5_/lily2216_/zhajm_119151775950_/2535549_/0_/20023057.swf
[result true]http://www.56.com/n_v140_/c27_/25_/11_/lily2216_/zhajm_119151602537_/1459553_/0_/20021586.swf
[result true]http://www.56.com/n_v140_/c27_/1_/3_/lily2216_/sc_11915997802_/1573000_/0_/20095138.swf
[result true]http://player.56.com/v_NDU3MDE5MjE.swf
[result true]http://player.56.com/v_NDU3MDE5MTM.swf
[result true]http://player.56.com/v_NTA3NTgyODc.swf
[result nil]http://www.tudou.com/v/qVfXpUqBVYM
[result nil]http://www.tudou.com/v/k4t3-QFgDbA
[result nil]http://www.tudou.com/v/-lOmlThu6Y0
[result nil]http://www.tudou.com/v/LsMnvL7ZrYU
[result false]http://player.youku.com/player.php/sid/XMTQwODAzMzMy
[result false]http://player.youku.com/player.php/sid/XOTY2NDU0NA
[err]http://player.youku.com/player.php/sid/XMTE1NjQyNTc2, ParseError(must_have)
[result false]http://player.youku.com/player.php/sid/XMTA1MTQwMjg
[result false]http://player.youku.com/player.php/sid/XMTEwNjk5MDYw
[result false]http://player.youku.com/player.php/sid/XMTA0MzE5MzA0
[result false]http://player.youku.com/player.php/sid/XODk3OTI3ODg
[result false]http://player.youku.com/player.php/sid/XOTA5NTg3ODA
[result false]http://player.youku.com/player.php/sid/XMTIyODA4MzMy
[result nil]http://player.56.com/v_NDk5NDgwMzE.swf
[result nil]http://www.56.com/cpm_NDk5NzM3MDI.swf
[result nil]http://www.56.com/n_v140_/c48_/28_/18_/lyz05021113_/sc_mp4_126218704775_/2628600_/0_/48649953.swf
[result nil]http://www.56.com/n_v140_/c48_/29_/15_/hai123359649_/sc_mp4_126274603057_/2620000_/0_/48774788.swf
[result bk]http://www.tudou.com/v/qVfXpUqBVYM
[result bk]http://www.tudou.com/v/k4t3-QFgDbA
[result bk]http://www.tudou.com/v/-lOmlThu6Y0
[result bk]http://www.tudou.com/v/LsMnvL7ZrYU
[result bk]http://player.youku.com/player.php/sid/XMTQwODAzMzMy
[result bk]http://player.youku.com/player.php/sid/XOTY2NDU0NA
[err]http://player.youku.com/player.php/sid/XMTE1NjQyNTc2, ParseError(must_have)
